<?xml version="1.0" encoding="UTF-8"?>
<coverage generated="1787348175149" clover="3.2.0">
  <project timestamp="1787348175149" name="All files">
    <metrics statements="123" coveredstatements="108" conditionals="94" coveredconditionals="73" methods="11" coveredmethods="10" elements="228" coveredelements="191" complexity="0" loc="123" ncloc="123" packages="1" files="3" classes="3"/>
    <file name="engine.ts" path="C:\Users\divya\OneDrive\Desktop\Triage_Engine\triage-engine\src\engine.ts">
      <metrics statements="82" coveredstatements="78" conditionals="69" coveredconditionals="63" methods="9" coveredmethods="9"/>
      <line num="27" count="1" type="stmt"/>
      <line num="37" count="1" type="stmt"/>
      <line num="38" count="17" type="stmt"/>
      <line num="39" count="17" type="stmt"/>
      <line num="41" count="17" type="cond" truecount="1" falsecount="0"/>
      <line num="42" count="1" type="stmt"/>
      <line num="43" count="17" type="cond" truecount="1" falsecount="0"/>
      <line num="44" count="17" type="cond" truecount="1" falsecount="0"/>
      <line num="45" count="17" type="cond" truecount="1" falsecount="0"/>
      <line num="47" count="17" type="stmt"/>
      <line num="61" count="1" type="stmt"/>
      <line num="64" count="20" type="stmt"/>
      <line num="65" count="20" type="stmt"/>
      <line num="66" count="20" type="stmt"/>
      <line num="69" count="20" type="cond" truecount="1" falsecount="0"/>
      <line num="72" count="13" type="cond" truecount="4" falsecount="0"/>
      <line num="73" count="13" type="cond" truecount="2" falsecount="0"/>
      <line num="77" count="13" type="cond" truecount="1" falsecount="0"/>
      <line num="81" count="2" type="stmt"/>
      <line num="92" count="11" type="cond" truecount="3" falsecount="0"/>
      <line num="93" count="2" type="stmt"/>
      <line num="104" count="9" type="cond" truecount="1" falsecount="0"/>
      <line num="105" count="5" type="stmt"/>
      <line num="116" count="4" type="stmt"/>
      <line num="136" count="1" type="stmt"/>
      <line num="139" count="21" type="stmt"/>
      <line num="142" count="21" type="cond" truecount="1" falsecount="0"/>
      <line num="145" count="7" type="stmt"/>
      <line num="153" count="7" type="stmt"/>
      <line num="162" count="7" type="cond" truecount="2" falsecount="0"/>
      <line num="184" count="7" type="cond" truecount="1" falsecount="0"/>
      <line num="185" count="1" type="stmt"/>
      <line num="186" count="1" type="stmt"/>
      <line num="187" count="1" type="cond" truecount="1" falsecount="0"/>
      <line num="191" count="7" type="cond" truecount="2" falsecount="1"/>
      <line num="192" count="1" type="stmt"/>
      <line num="193" count="1" type="stmt"/>
      <line num="196" count="1" type="cond" truecount="1" falsecount="0"/>
      <line num="199" count="7" type="stmt"/>
      <line num="213" count="1" type="stmt"/>
      <line num="216" count="18" type="stmt"/>
      <line num="218" count="18" type="cond" truecount="6" falsecount="0"/>
      <line num="221" count="18" type="cond" truecount="1" falsecount="0"/>
      <line num="224" count="5" type="cond" truecount="1" falsecount="0"/>
      <line num="225" count="1" type="stmt"/>
      <line num="234" count="4" type="cond" truecount="2" falsecount="1"/>
      <line num="235" count="1" type="stmt"/>
      <line num="246" count="3" type="stmt"/>
      <line num="260" count="1" type="stmt"/>
      <line num="263" count="14" type="stmt"/>
      <line num="266" count="14" type="cond" truecount="3" falsecount="0"/>
      <line num="268" count="2" type="cond" truecount="1" falsecount="0"/>
      <line num="269" count="1" type="stmt"/>
      <line num="277" count="1" type="stmt"/>
      <line num="290" count="1" type="stmt"/>
      <line num="292" count="14" type="stmt"/>
      <line num="298" count="14" type="cond" truecount="3" falsecount="0"/>
      <line num="299" count="3" type="stmt"/>
      <line num="300" count="3" type="cond" truecount="1" falsecount="0"/>
      <line num="301" count="0" type="cond" truecount="0" falsecount="1"/>
      <line num="302" count="0" type="cond" truecount="0" falsecount="3"/>
      <line num="303" count="0" type="stmt"/>
      <line num="305" count="3" type="cond" truecount="1" falsecount="0"/>
      <line num="306" count="3" type="stmt"/>
      <line num="311" count="14" type="stmt"/>
      <line num="316" count="56" type="stmt"/>
      <line num="319" count="14" type="cond" truecount="2" falsecount="0"/>
      <line num="322" count="14" type="stmt"/>
      <line num="328" count="14" type="stmt"/>
      <line num="329" count="13" type="cond" truecount="1" falsecount="0"/>
      <line num="330" count="6" type="stmt"/>
      <line num="332" count="13" type="stmt"/>
      <line num="338" count="14" type="cond" truecount="3" falsecount="0"/>
      <line num="340" count="3" type="stmt"/>
      <line num="341" count="32" type="cond" truecount="1" falsecount="0"/>
      <line num="342" count="8" type="cond" truecount="1" falsecount="0"/>
      <line num="343" count="4" type="cond" truecount="3" falsecount="0"/>
      <line num="344" count="0" type="stmt"/>
      <line num="347" count="3" type="cond" truecount="1" falsecount="0"/>
      <line num="348" count="3" type="stmt"/>
      <line num="349" count="3" type="stmt"/>
      <line num="355" count="14" type="stmt"/>
    </file>
    <file name="index.ts" path="C:\Users\divya\OneDrive\Desktop\Triage_Engine\triage-engine\src\index.ts">
      <metrics statements="3" coveredstatements="3" conditionals="0" coveredconditionals="0" methods="0" coveredmethods="0"/>
      <line num="1" count="1" type="stmt"/>
      <line num="2" count="1" type="stmt"/>
      <line num="3" count="1" type="stmt"/>
    </file>
    <file name="referralNote.ts" path="C:\Users\divya\OneDrive\Desktop\Triage_Engine\triage-engine\src\referralNote.ts">
      <metrics statements="38" coveredstatements="27" conditionals="25" coveredconditionals="10" methods="2" coveredmethods="1"/>
      <line num="17" count="1" type="stmt"/>
      <line num="26" count="1" type="stmt"/>
      <line num="32" count="3" type="cond" truecount="2" falsecount="0"/>
      <line num="37" count="3" type="stmt"/>
      <line num="38" count="0" type="stmt"/>
      <line num="40" count="3" type="stmt"/>
      <line num="41" count="3" type="cond" truecount="1" falsecount="1"/>
      <line num="46" count="3" type="stmt"/>
      <line num="48" count="3" type="cond" truecount="1" falsecount="0"/>
      <line num="49" count="2" type="stmt"/>
      <line num="51" count="3" type="cond" truecount="1" falsecount="0"/>
      <line num="52" count="1" type="stmt"/>
      <line num="54" count="3" type="cond" truecount="0" falsecount="1"/>
      <line num="55" count="0" type="stmt"/>
      <line num="57" count="3" type="cond" truecount="0" falsecount="1"/>
      <line num="58" count="0" type="stmt"/>
      <line num="62" count="3" type="cond" truecount="0" falsecount="1"/>
      <line num="63" count="0" type="stmt"/>
      <line num="65" count="3" type="cond" truecount="1" falsecount="0"/>
      <line num="66" count="1" type="stmt"/>
      <line num="68" count="3" type="cond" truecount="0" falsecount="1"/>
      <line num="69" count="0" type="stmt"/>
      <line num="71" count="3" type="cond" truecount="0" falsecount="1"/>
      <line num="72" count="0" type="stmt"/>
      <line num="74" count="3" type="cond" truecount="0" falsecount="1"/>
      <line num="75" count="0" type="stmt"/>
      <line num="77" count="3" type="cond" truecount="0" falsecount="1"/>
      <line num="78" count="0" type="stmt"/>
      <line num="80" count="3" type="cond" truecount="0" falsecount="1"/>
      <line num="81" count="0" type="stmt"/>
      <line num="83" count="3" type="cond" truecount="0" falsecount="1"/>
      <line num="84" count="0" type="stmt"/>
      <line num="86" count="3" type="cond" truecount="0" falsecount="1"/>
      <line num="87" count="0" type="stmt"/>
      <line num="91" count="3" type="cond" truecount="1" falsecount="1"/>
      <line num="96" count="3" type="cond" truecount="1" falsecount="1"/>
      <line num="101" count="3" type="cond" truecount="2" falsecount="0"/>
      <line num="103" count="3" type="stmt"/>
    </file>
  </project>
</coverage>
