{"C:\\Users\\divya\\OneDrive\\Desktop\\Triage_Engine\\triage-engine\\src\\engine.ts": {"path":"C:\\Users\\divya\\OneDrive\\Desktop\\Triage_Engine\\triage-engine\\src\\engine.ts","statementMap":{"0":{"start":{"line":37,"column":0},"end":{"line":37,"column":16}},"1":{"start":{"line":61,"column":0},"end":{"line":61,"column":16}},"2":{"start":{"line":136,"column":0},"end":{"line":136,"column":16}},"3":{"start":{"line":213,"column":0},"end":{"line":213,"column":16}},"4":{"start":{"line":260,"column":0},"end":{"line":260,"column":16}},"5":{"start":{"line":290,"column":0},"end":{"line":290,"column":16}},"6":{"start":{"line":27,"column":13},"end":{"line":31,"column":2}},"7":{"start":{"line":38,"column":12},"end":{"line":38,"column":22}},"8":{"start":{"line":39,"column":28},"end":{"line":39,"column":30}},"9":{"start":{"line":41,"column":2},"end":{"line":42,"column":49}},"10":{"start":{"line":42,"column":4},"end":{"line":42,"column":49}},"11":{"start":{"line":43,"column":2},"end":{"line":43,"column":61}},"12":{"start":{"line":43,"column":27},"end":{"line":43,"column":61}},"13":{"start":{"line":44,"column":2},"end":{"line":44,"column":49}},"14":{"start":{"line":44,"column":21},"end":{"line":44,"column":49}},"15":{"start":{"line":45,"column":2},"end":{"line":45,"column":75}},"16":{"start":{"line":45,"column":34},"end":{"line":45,"column":75}},"17":{"start":{"line":47,"column":2},"end":{"line":47,"column":17}},"18":{"start":{"line":64,"column":12},"end":{"line":64,"column":22}},"19":{"start":{"line":65,"column":12},"end":{"line":65,"column":20}},"20":{"start":{"line":66,"column":15},"end":{"line":66,"column":35}},"21":{"start":{"line":69,"column":2},"end":{"line":69,"column":52}},"22":{"start":{"line":69,"column":40},"end":{"line":69,"column":52}},"23":{"start":{"line":72,"column":19},"end":{"line":72,"column":54}},"24":{"start":{"line":73,"column":24},"end":{"line":73,"column":58}},"25":{"start":{"line":77,"column":2},"end":{"line":89,"column":3}},"26":{"start":{"line":81,"column":4},"end":{"line":88,"column":6}},"27":{"start":{"line":92,"column":2},"end":{"line":101,"column":3}},"28":{"start":{"line":93,"column":4},"end":{"line":100,"column":6}},"29":{"start":{"line":104,"column":2},"end":{"line":113,"column":3}},"30":{"start":{"line":105,"column":4},"end":{"line":112,"column":6}},"31":{"start":{"line":116,"column":2},"end":{"line":121,"column":4}},"32":{"start":{"line":139,"column":12},"end":{"line":139,"column":22}},"33":{"start":{"line":142,"column":2},"end":{"line":142,"column":32}},"34":{"start":{"line":142,"column":20},"end":{"line":142,"column":32}},"35":{"start":{"line":145,"column":22},"end":{"line":150,"column":26}},"36":{"start":{"line":153,"column":20},"end":{"line":158,"column":26}},"37":{"start":{"line":162,"column":4},"end":{"line":181,"column":10}},"38":{"start":{"line":184,"column":2},"end":{"line":188,"column":3}},"39":{"start":{"line":185,"column":4},"end":{"line":185,"column":42}},"40":{"start":{"line":186,"column":4},"end":{"line":186,"column":59}},"41":{"start":{"line":187,"column":4},"end":{"line":187,"column":56}},"42":{"start":{"line":187,"column":33},"end":{"line":187,"column":56}},"43":{"start":{"line":191,"column":2},"end":{"line":197,"column":3}},"44":{"start":{"line":192,"column":4},"end":{"line":192,"column":43}},"45":{"start":{"line":193,"column":4},"end":{"line":195,"column":6}},"46":{"start":{"line":196,"column":4},"end":{"line":196,"column":56}},"47":{"start":{"line":196,"column":33},"end":{"line":196,"column":56}},"48":{"start":{"line":199,"column":2},"end":{"line":199,"column":16}},"49":{"start":{"line":216,"column":12},"end":{"line":216,"column":22}},"50":{"start":{"line":218,"column":4},"end":{"line":218,"column":61}},"51":{"start":{"line":221,"column":2},"end":{"line":221,"column":29}},"52":{"start":{"line":221,"column":17},"end":{"line":221,"column":29}},"53":{"start":{"line":224,"column":2},"end":{"line":231,"column":3}},"54":{"start":{"line":225,"column":4},"end":{"line":230,"column":6}},"55":{"start":{"line":234,"column":2},"end":{"line":243,"column":3}},"56":{"start":{"line":235,"column":4},"end":{"line":242,"column":6}},"57":{"start":{"line":246,"column":2},"end":{"line":251,"column":4}},"58":{"start":{"line":263,"column":12},"end":{"line":263,"column":22}},"59":{"start":{"line":266,"column":2},"end":{"line":266,"column":67}},"60":{"start":{"line":266,"column":55},"end":{"line":266,"column":67}},"61":{"start":{"line":268,"column":2},"end":{"line":275,"column":3}},"62":{"start":{"line":269,"column":4},"end":{"line":274,"column":6}},"63":{"start":{"line":277,"column":2},"end":{"line":282,"column":4}},"64":{"start":{"line":292,"column":22},"end":{"line":292,"column":48}},"65":{"start":{"line":298,"column":2},"end":{"line":308,"column":3}},"66":{"start":{"line":299,"column":27},"end":{"line":304,"column":6}},"67":{"start":{"line":300,"column":6},"end":{"line":300,"column":52}},"68":{"start":{"line":300,"column":34},"end":{"line":300,"column":52}},"69":{"start":{"line":301,"column":6},"end":{"line":301,"column":46}},"70":{"start":{"line":301,"column":33},"end":{"line":301,"column":46}},"71":{"start":{"line":302,"column":6},"end":{"line":302,"column":76}},"72":{"start":{"line":302,"column":33},"end":{"line":302,"column":76}},"73":{"start":{"line":303,"column":6},"end":{"line":303,"column":19}},"74":{"start":{"line":305,"column":4},"end":{"line":307,"column":5}},"75":{"start":{"line":306,"column":6},"end":{"line":306,"column":68}},"76":{"start":{"line":311,"column":21},"end":{"line":316,"column":51}},"77":{"start":{"line":316,"column":40},"end":{"line":316,"column":50}},"78":{"start":{"line":319,"column":19},"end":{"line":319,"column":59}},"79":{"start":{"line":322,"column":26},"end":{"line":326,"column":4}},"80":{"start":{"line":328,"column":2},"end":{"line":335,"column":3}},"81":{"start":{"line":329,"column":4},"end":{"line":331,"column":5}},"82":{"start":{"line":330,"column":6},"end":{"line":330,"column":20}},"83":{"start":{"line":332,"column":4},"end":{"line":334,"column":6}},"84":{"start":{"line":338,"column":2},"end":{"line":353,"column":3}},"85":{"start":{"line":340,"column":26},"end":{"line":345,"column":6}},"86":{"start":{"line":341,"column":6},"end":{"line":341,"column":52}},"87":{"start":{"line":341,"column":34},"end":{"line":341,"column":52}},"88":{"start":{"line":342,"column":6},"end":{"line":342,"column":46}},"89":{"start":{"line":342,"column":33},"end":{"line":342,"column":46}},"90":{"start":{"line":343,"column":6},"end":{"line":343,"column":76}},"91":{"start":{"line":343,"column":33},"end":{"line":343,"column":76}},"92":{"start":{"line":344,"column":6},"end":{"line":344,"column":19}},"93":{"start":{"line":347,"column":4},"end":{"line":352,"column":5}},"94":{"start":{"line":348,"column":6},"end":{"line":348,"column":22}},"95":{"start":{"line":349,"column":6},"end":{"line":351,"column":8}},"96":{"start":{"line":355,"column":2},"end":{"line":360,"column":4}}},"fnMap":{"0":{"name":"checkGeneralDangerSigns","decl":{"start":{"line":37,"column":16},"end":{"line":37,"column":39}},"loc":{"start":{"line":37,"column":54},"end":{"line":48,"column":1}}},"1":{"name":"classifyPneumonia","decl":{"start":{"line":61,"column":16},"end":{"line":61,"column":33}},"loc":{"start":{"line":62,"column":16},"end":{"line":122,"column":1}}},"2":{"name":"classifyDiarrhoea","decl":{"start":{"line":136,"column":16},"end":{"line":136,"column":33}},"loc":{"start":{"line":137,"column":16},"end":{"line":200,"column":1}}},"3":{"name":"classifyFever","decl":{"start":{"line":213,"column":16},"end":{"line":213,"column":29}},"loc":{"start":{"line":214,"column":16},"end":{"line":252,"column":1}}},"4":{"name":"classifyEarProblem","decl":{"start":{"line":260,"column":16},"end":{"line":260,"column":34}},"loc":{"start":{"line":261,"column":16},"end":{"line":283,"column":1}}},"5":{"name":"classify","decl":{"start":{"line":290,"column":16},"end":{"line":290,"column":24}},"loc":{"start":{"line":290,"column":39},"end":{"line":361,"column":1}}},"6":{"name":"(anonymous_6)","decl":{"start":{"line":299,"column":58},"end":{"line":299,"column":59}},"loc":{"start":{"line":299,"column":64},"end":{"line":304,"column":5}}},"7":{"name":"(anonymous_7)","decl":{"start":{"line":316,"column":11},"end":{"line":316,"column":12}},"loc":{"start":{"line":316,"column":40},"end":{"line":316,"column":50}}},"8":{"name":"(anonymous_8)","decl":{"start":{"line":340,"column":57},"end":{"line":340,"column":58}},"loc":{"start":{"line":340,"column":63},"end":{"line":345,"column":5}}}},"branchMap":{"0":{"loc":{"start":{"line":41,"column":2},"end":{"line":42,"column":49}},"type":"if","locations":[{"start":{"line":41,"column":2},"end":{"line":42,"column":49}}]},"1":{"loc":{"start":{"line":43,"column":2},"end":{"line":43,"column":61}},"type":"if","locations":[{"start":{"line":43,"column":2},"end":{"line":43,"column":61}}]},"2":{"loc":{"start":{"line":44,"column":2},"end":{"line":44,"column":49}},"type":"if","locations":[{"start":{"line":44,"column":2},"end":{"line":44,"column":49}}]},"3":{"loc":{"start":{"line":45,"column":2},"end":{"line":45,"column":75}},"type":"if","locations":[{"start":{"line":45,"column":2},"end":{"line":45,"column":75}}]},"4":{"loc":{"start":{"line":69,"column":2},"end":{"line":69,"column":52}},"type":"if","locations":[{"start":{"line":69,"column":2},"end":{"line":69,"column":52}}]},"5":{"loc":{"start":{"line":72,"column":19},"end":{"line":72,"column":54}},"type":"cond-expr","locations":[{"start":{"line":72,"column":30},"end":{"line":72,"column":32}},{"start":{"line":72,"column":35},"end":{"line":72,"column":54}}]},"6":{"loc":{"start":{"line":72,"column":35},"end":{"line":72,"column":54}},"type":"cond-expr","locations":[{"start":{"line":72,"column":47},"end":{"line":72,"column":49}},{"start":{"line":72,"column":52},"end":{"line":72,"column":54}}]},"7":{"loc":{"start":{"line":73,"column":25},"end":{"line":73,"column":45}},"type":"binary-expr","locations":[{"start":{"line":73,"column":25},"end":{"line":73,"column":40}},{"start":{"line":73,"column":44},"end":{"line":73,"column":45}}]},"8":{"loc":{"start":{"line":77,"column":2},"end":{"line":89,"column":3}},"type":"if","locations":[{"start":{"line":77,"column":2},"end":{"line":89,"column":3}}]},"9":{"loc":{"start":{"line":78,"column":4},"end":{"line":79,"column":64}},"type":"binary-expr","locations":[{"start":{"line":78,"column":4},"end":{"line":78,"column":12}},{"start":{"line":79,"column":5},"end":{"line":79,"column":18}},{"start":{"line":79,"column":22},"end":{"line":79,"column":39}},{"start":{"line":79,"column":43},"end":{"line":79,"column":63}}]},"10":{"loc":{"start":{"line":92,"column":2},"end":{"line":101,"column":3}},"type":"if","locations":[{"start":{"line":92,"column":2},"end":{"line":101,"column":3}}]},"11":{"loc":{"start":{"line":92,"column":6},"end":{"line":92,"column":47}},"type":"binary-expr","locations":[{"start":{"line":92,"column":6},"end":{"line":92,"column":23}},{"start":{"line":92,"column":27},"end":{"line":92,"column":47}}]},"12":{"loc":{"start":{"line":104,"column":2},"end":{"line":113,"column":3}},"type":"if","locations":[{"start":{"line":104,"column":2},"end":{"line":113,"column":3}}]},"13":{"loc":{"start":{"line":142,"column":2},"end":{"line":142,"column":32}},"type":"if","locations":[{"start":{"line":142,"column":2},"end":{"line":142,"column":32}}]},"14":{"loc":{"start":{"line":162,"column":4},"end":{"line":181,"column":10}},"type":"cond-expr","locations":[{"start":{"line":163,"column":8},"end":{"line":168,"column":null}},{"start":{"line":169,"column":8},"end":{"line":181,"column":10}}]},"15":{"loc":{"start":{"line":169,"column":8},"end":{"line":181,"column":10}},"type":"cond-expr","locations":[{"start":{"line":170,"column":8},"end":{"line":175,"column":null}},{"start":{"line":176,"column":8},"end":{"line":181,"column":10}}]},"16":{"loc":{"start":{"line":184,"column":2},"end":{"line":188,"column":3}},"type":"if","locations":[{"start":{"line":184,"column":2},"end":{"line":188,"column":3}}]},"17":{"loc":{"start":{"line":187,"column":4},"end":{"line":187,"column":56}},"type":"if","locations":[{"start":{"line":187,"column":4},"end":{"line":187,"column":56}}]},"18":{"loc":{"start":{"line":191,"column":2},"end":{"line":197,"column":3}},"type":"if","locations":[{"start":{"line":191,"column":2},"end":{"line":197,"column":3}}]},"19":{"loc":{"start":{"line":191,"column":7},"end":{"line":191,"column":28}},"type":"binary-expr","locations":[{"start":{"line":191,"column":7},"end":{"line":191,"column":23}},{"start":{"line":191,"column":27},"end":{"line":191,"column":28}}]},"20":{"loc":{"start":{"line":196,"column":4},"end":{"line":196,"column":56}},"type":"if","locations":[{"start":{"line":196,"column":4},"end":{"line":196,"column":56}}]},"21":{"loc":{"start":{"line":218,"column":4},"end":{"line":218,"column":61}},"type":"binary-expr","locations":[{"start":{"line":218,"column":4},"end":{"line":218,"column":34}},{"start":{"line":218,"column":38},"end":{"line":218,"column":61}}]},"22":{"loc":{"start":{"line":218,"column":5},"end":{"line":218,"column":25}},"type":"binary-expr","locations":[{"start":{"line":218,"column":5},"end":{"line":218,"column":20}},{"start":{"line":218,"column":24},"end":{"line":218,"column":25}}]},"23":{"loc":{"start":{"line":218,"column":39},"end":{"line":218,"column":56}},"type":"binary-expr","locations":[{"start":{"line":218,"column":39},"end":{"line":218,"column":51}},{"start":{"line":218,"column":55},"end":{"line":218,"column":56}}]},"24":{"loc":{"start":{"line":221,"column":2},"end":{"line":221,"column":29}},"type":"if","locations":[{"start":{"line":221,"column":2},"end":{"line":221,"column":29}}]},"25":{"loc":{"start":{"line":224,"column":2},"end":{"line":231,"column":3}},"type":"if","locations":[{"start":{"line":224,"column":2},"end":{"line":231,"column":3}}]},"26":{"loc":{"start":{"line":234,"column":2},"end":{"line":243,"column":3}},"type":"if","locations":[{"start":{"line":234,"column":2},"end":{"line":243,"column":3}}]},"27":{"loc":{"start":{"line":234,"column":7},"end":{"line":234,"column":24}},"type":"binary-expr","locations":[{"start":{"line":234,"column":7},"end":{"line":234,"column":19}},{"start":{"line":234,"column":23},"end":{"line":234,"column":24}}]},"28":{"loc":{"start":{"line":266,"column":2},"end":{"line":266,"column":67}},"type":"if","locations":[{"start":{"line":266,"column":2},"end":{"line":266,"column":67}}]},"29":{"loc":{"start":{"line":266,"column":6},"end":{"line":266,"column":53}},"type":"binary-expr","locations":[{"start":{"line":266,"column":6},"end":{"line":266,"column":30}},{"start":{"line":266,"column":34},"end":{"line":266,"column":53}}]},"30":{"loc":{"start":{"line":268,"column":2},"end":{"line":275,"column":3}},"type":"if","locations":[{"start":{"line":268,"column":2},"end":{"line":275,"column":3}}]},"31":{"loc":{"start":{"line":298,"column":2},"end":{"line":308,"column":3}},"type":"if","locations":[{"start":{"line":298,"column":2},"end":{"line":308,"column":3}}]},"32":{"loc":{"start":{"line":298,"column":6},"end":{"line":298,"column":58}},"type":"binary-expr","locations":[{"start":{"line":298,"column":6},"end":{"line":298,"column":30}},{"start":{"line":298,"column":34},"end":{"line":298,"column":58}}]},"33":{"loc":{"start":{"line":300,"column":6},"end":{"line":300,"column":52}},"type":"if","locations":[{"start":{"line":300,"column":6},"end":{"line":300,"column":52}}]},"34":{"loc":{"start":{"line":301,"column":6},"end":{"line":301,"column":46}},"type":"if","locations":[{"start":{"line":301,"column":6},"end":{"line":301,"column":46}}]},"35":{"loc":{"start":{"line":302,"column":6},"end":{"line":302,"column":76}},"type":"if","locations":[{"start":{"line":302,"column":6},"end":{"line":302,"column":76}}]},"36":{"loc":{"start":{"line":302,"column":40},"end":{"line":302,"column":75}},"type":"binary-expr","locations":[{"start":{"line":302,"column":40},"end":{"line":302,"column":57}},{"start":{"line":302,"column":61},"end":{"line":302,"column":75}}]},"37":{"loc":{"start":{"line":305,"column":4},"end":{"line":307,"column":5}},"type":"if","locations":[{"start":{"line":305,"column":4},"end":{"line":307,"column":5}}]},"38":{"loc":{"start":{"line":319,"column":19},"end":{"line":319,"column":59}},"type":"cond-expr","locations":[{"start":{"line":319,"column":44},"end":{"line":319,"column":49}},{"start":{"line":319,"column":52},"end":{"line":319,"column":59}}]},"39":{"loc":{"start":{"line":323,"column":4},"end":{"line":325,"column":44}},"type":"cond-expr","locations":[{"start":{"line":324,"column":8},"end":{"line":324,"column":57}},{"start":{"line":325,"column":8},"end":{"line":325,"column":44}}]},"40":{"loc":{"start":{"line":329,"column":4},"end":{"line":331,"column":5}},"type":"if","locations":[{"start":{"line":329,"column":4},"end":{"line":331,"column":5}}]},"41":{"loc":{"start":{"line":338,"column":2},"end":{"line":353,"column":3}},"type":"if","locations":[{"start":{"line":338,"column":2},"end":{"line":353,"column":3}}]},"42":{"loc":{"start":{"line":338,"column":6},"end":{"line":338,"column":57}},"type":"binary-expr","locations":[{"start":{"line":338,"column":6},"end":{"line":338,"column":29}},{"start":{"line":338,"column":33},"end":{"line":338,"column":57}}]},"43":{"loc":{"start":{"line":341,"column":6},"end":{"line":341,"column":52}},"type":"if","locations":[{"start":{"line":341,"column":6},"end":{"line":341,"column":52}}]},"44":{"loc":{"start":{"line":342,"column":6},"end":{"line":342,"column":46}},"type":"if","locations":[{"start":{"line":342,"column":6},"end":{"line":342,"column":46}}]},"45":{"loc":{"start":{"line":343,"column":6},"end":{"line":343,"column":76}},"type":"if","locations":[{"start":{"line":343,"column":6},"end":{"line":343,"column":76}}]},"46":{"loc":{"start":{"line":343,"column":40},"end":{"line":343,"column":75}},"type":"binary-expr","locations":[{"start":{"line":343,"column":40},"end":{"line":343,"column":57}},{"start":{"line":343,"column":61},"end":{"line":343,"column":75}}]},"47":{"loc":{"start":{"line":347,"column":4},"end":{"line":352,"column":5}},"type":"if","locations":[{"start":{"line":347,"column":4},"end":{"line":352,"column":5}}]}},"s":{"0":1,"1":1,"2":1,"3":1,"4":1,"5":1,"6":1,"7":17,"8":17,"9":17,"10":1,"11":17,"12":1,"13":17,"14":3,"15":17,"16":2,"17":17,"18":20,"19":20,"20":20,"21":20,"22":7,"23":13,"24":13,"25":13,"26":2,"27":11,"28":2,"29":9,"30":5,"31":4,"32":21,"33":21,"34":14,"35":7,"36":7,"37":7,"38":7,"39":1,"40":1,"41":1,"42":1,"43":7,"44":1,"45":1,"46":1,"47":1,"48":7,"49":18,"50":18,"51":18,"52":13,"53":5,"54":1,"55":4,"56":1,"57":3,"58":14,"59":14,"60":12,"61":2,"62":1,"63":1,"64":14,"65":14,"66":3,"67":3,"68":3,"69":0,"70":0,"71":0,"72":0,"73":0,"74":3,"75":3,"76":14,"77":56,"78":14,"79":14,"80":14,"81":13,"82":6,"83":13,"84":14,"85":3,"86":32,"87":24,"88":8,"89":4,"90":4,"91":4,"92":0,"93":3,"94":3,"95":3,"96":14},"f":{"0":17,"1":20,"2":21,"3":18,"4":14,"5":14,"6":3,"7":56,"8":32},"b":{"0":[1],"1":[1],"2":[3],"3":[2],"4":[7],"5":[3,10],"6":[6,4],"7":[13,1],"8":[2],"9":[13,3,2,1],"10":[2],"11":[11,9],"12":[5],"13":[14],"14":[2,5],"15":[1,4],"16":[1],"17":[1],"18":[1],"19":[7,0],"20":[1],"21":[18,15],"22":[18,14],"23":[15,1],"24":[13],"25":[1],"26":[1],"27":[4,0],"28":[12],"29":[14,13],"30":[1],"31":[3],"32":[14,3],"33":[3],"34":[0],"35":[0],"36":[0,0],"37":[3],"38":[5,9],"39":[5,9],"40":[6],"41":[3],"42":[14,3],"43":[24],"44":[4],"45":[4],"46":[4,2],"47":[3]}}
,"C:\\Users\\divya\\OneDrive\\Desktop\\Triage_Engine\\triage-engine\\src\\index.ts": {"path":"C:\\Users\\divya\\OneDrive\\Desktop\\Triage_Engine\\triage-engine\\src\\index.ts","statementMap":{"0":{"start":{"line":1,"column":0},"end":{"line":1,"column":24}},"1":{"start":{"line":2,"column":0},"end":{"line":2,"column":25}},"2":{"start":{"line":3,"column":0},"end":{"line":3,"column":31}}},"fnMap":{},"branchMap":{},"s":{"0":1,"1":1,"2":1},"f":{},"b":{}}
,"C:\\Users\\divya\\OneDrive\\Desktop\\Triage_Engine\\triage-engine\\src\\referralNote.ts": {"path":"C:\\Users\\divya\\OneDrive\\Desktop\\Triage_Engine\\triage-engine\\src\\referralNote.ts","statementMap":{"0":{"start":{"line":26,"column":0},"end":{"line":26,"column":16}},"1":{"start":{"line":17,"column":0},"end":{"line":17,"column":37}},"2":{"start":{"line":32,"column":4},"end":{"line":34,"column":59}},"3":{"start":{"line":37,"column":17},"end":{"line":38,"column":null}},"4":{"start":{"line":38,"column":14},"end":{"line":38,"column":51}},"5":{"start":{"line":40,"column":16},"end":{"line":40,"column":25}},"6":{"start":{"line":41,"column":25},"end":{"line":43,"column":22}},"7":{"start":{"line":46,"column":29},"end":{"line":46,"column":31}},"8":{"start":{"line":48,"column":2},"end":{"line":50,"column":3}},"9":{"start":{"line":49,"column":4},"end":{"line":49,"column":68}},"10":{"start":{"line":51,"column":2},"end":{"line":53,"column":3}},"11":{"start":{"line":52,"column":4},"end":{"line":52,"column":37}},"12":{"start":{"line":54,"column":2},"end":{"line":56,"column":3}},"13":{"start":{"line":55,"column":4},"end":{"line":55,"column":43}},"14":{"start":{"line":57,"column":2},"end":{"line":61,"column":3}},"15":{"start":{"line":58,"column":4},"end":{"line":60,"column":6}},"16":{"start":{"line":62,"column":2},"end":{"line":64,"column":3}},"17":{"start":{"line":63,"column":4},"end":{"line":63,"column":36}},"18":{"start":{"line":65,"column":2},"end":{"line":67,"column":3}},"19":{"start":{"line":66,"column":4},"end":{"line":66,"column":48}},"20":{"start":{"line":68,"column":2},"end":{"line":70,"column":3}},"21":{"start":{"line":69,"column":4},"end":{"line":69,"column":32}},"22":{"start":{"line":71,"column":2},"end":{"line":73,"column":3}},"23":{"start":{"line":72,"column":4},"end":{"line":72,"column":43}},"24":{"start":{"line":74,"column":2},"end":{"line":76,"column":3}},"25":{"start":{"line":75,"column":4},"end":{"line":75,"column":33}},"26":{"start":{"line":77,"column":2},"end":{"line":79,"column":3}},"27":{"start":{"line":78,"column":4},"end":{"line":78,"column":39}},"28":{"start":{"line":80,"column":2},"end":{"line":82,"column":3}},"29":{"start":{"line":81,"column":4},"end":{"line":81,"column":50}},"30":{"start":{"line":83,"column":2},"end":{"line":85,"column":3}},"31":{"start":{"line":84,"column":4},"end":{"line":84,"column":38}},"32":{"start":{"line":86,"column":2},"end":{"line":88,"column":3}},"33":{"start":{"line":87,"column":4},"end":{"line":87,"column":43}},"34":{"start":{"line":91,"column":4},"end":{"line":93,"column":37}},"35":{"start":{"line":96,"column":21},"end":{"line":98,"column":30}},"36":{"start":{"line":101,"column":18},"end":{"line":101,"column":67}},"37":{"start":{"line":103,"column":2},"end":{"line":103,"column":112}}},"fnMap":{"0":{"name":"generateReferralNote","decl":{"start":{"line":26,"column":16},"end":{"line":26,"column":36}},"loc":{"start":{"line":28,"column":22},"end":{"line":104,"column":1}}},"1":{"name":"(anonymous_1)","decl":{"start":{"line":38,"column":4},"end":{"line":38,"column":5}},"loc":{"start":{"line":38,"column":14},"end":{"line":38,"column":51}}}},"branchMap":{"0":{"loc":{"start":{"line":32,"column":4},"end":{"line":34,"column":59}},"type":"cond-expr","locations":[{"start":{"line":33,"column":8},"end":{"line":33,"column":43}},{"start":{"line":34,"column":8},"end":{"line":34,"column":59}}]},"1":{"loc":{"start":{"line":41,"column":25},"end":{"line":43,"column":22}},"type":"cond-expr","locations":[{"start":{"line":42,"column":6},"end":{"line":42,"column":59}},{"start":{"line":43,"column":6},"end":{"line":43,"column":22}}]},"2":{"loc":{"start":{"line":48,"column":2},"end":{"line":50,"column":3}},"type":"if","locations":[{"start":{"line":48,"column":2},"end":{"line":50,"column":3}}]},"3":{"loc":{"start":{"line":51,"column":2},"end":{"line":53,"column":3}},"type":"if","locations":[{"start":{"line":51,"column":2},"end":{"line":53,"column":3}}]},"4":{"loc":{"start":{"line":54,"column":2},"end":{"line":56,"column":3}},"type":"if","locations":[{"start":{"line":54,"column":2},"end":{"line":56,"column":3}}]},"5":{"loc":{"start":{"line":57,"column":2},"end":{"line":61,"column":3}},"type":"if","locations":[{"start":{"line":57,"column":2},"end":{"line":61,"column":3}}]},"6":{"loc":{"start":{"line":59,"column":19},"end":{"line":59,"column":51}},"type":"binary-expr","locations":[{"start":{"line":59,"column":19},"end":{"line":59,"column":44}},{"start":{"line":59,"column":48},"end":{"line":59,"column":51}}]},"7":{"loc":{"start":{"line":62,"column":2},"end":{"line":64,"column":3}},"type":"if","locations":[{"start":{"line":62,"column":2},"end":{"line":64,"column":3}}]},"8":{"loc":{"start":{"line":65,"column":2},"end":{"line":67,"column":3}},"type":"if","locations":[{"start":{"line":65,"column":2},"end":{"line":67,"column":3}}]},"9":{"loc":{"start":{"line":68,"column":2},"end":{"line":70,"column":3}},"type":"if","locations":[{"start":{"line":68,"column":2},"end":{"line":70,"column":3}}]},"10":{"loc":{"start":{"line":71,"column":2},"end":{"line":73,"column":3}},"type":"if","locations":[{"start":{"line":71,"column":2},"end":{"line":73,"column":3}}]},"11":{"loc":{"start":{"line":74,"column":2},"end":{"line":76,"column":3}},"type":"if","locations":[{"start":{"line":74,"column":2},"end":{"line":76,"column":3}}]},"12":{"loc":{"start":{"line":77,"column":2},"end":{"line":79,"column":3}},"type":"if","locations":[{"start":{"line":77,"column":2},"end":{"line":79,"column":3}}]},"13":{"loc":{"start":{"line":80,"column":2},"end":{"line":82,"column":3}},"type":"if","locations":[{"start":{"line":80,"column":2},"end":{"line":82,"column":3}}]},"14":{"loc":{"start":{"line":83,"column":2},"end":{"line":85,"column":3}},"type":"if","locations":[{"start":{"line":83,"column":2},"end":{"line":85,"column":3}}]},"15":{"loc":{"start":{"line":86,"column":2},"end":{"line":88,"column":3}},"type":"if","locations":[{"start":{"line":86,"column":2},"end":{"line":88,"column":3}}]},"16":{"loc":{"start":{"line":91,"column":4},"end":{"line":93,"column":37}},"type":"cond-expr","locations":[{"start":{"line":92,"column":8},"end":{"line":92,"column":27}},{"start":{"line":93,"column":8},"end":{"line":93,"column":37}}]},"17":{"loc":{"start":{"line":96,"column":21},"end":{"line":98,"column":30}},"type":"cond-expr","locations":[{"start":{"line":97,"column":6},"end":{"line":97,"column":23}},{"start":{"line":98,"column":6},"end":{"line":98,"column":30}}]},"18":{"loc":{"start":{"line":101,"column":18},"end":{"line":101,"column":67}},"type":"cond-expr","locations":[{"start":{"line":101,"column":42},"end":{"line":101,"column":52}},{"start":{"line":101,"column":55},"end":{"line":101,"column":67}}]}},"s":{"0":1,"1":1,"2":3,"3":3,"4":0,"5":3,"6":3,"7":3,"8":3,"9":2,"10":3,"11":1,"12":3,"13":0,"14":3,"15":0,"16":3,"17":0,"18":3,"19":1,"20":3,"21":0,"22":3,"23":0,"24":3,"25":0,"26":3,"27":0,"28":3,"29":0,"30":3,"31":0,"32":3,"33":0,"34":3,"35":3,"36":3,"37":3},"f":{"0":3,"1":0},"b":{"0":[1,2],"1":[3,0],"2":[2],"3":[1],"4":[0],"5":[0],"6":[0,0],"7":[0],"8":[1],"9":[0],"10":[0],"11":[0],"12":[0],"13":[0],"14":[0],"15":[0],"16":[3,0],"17":[3,0],"18":[1,2]}}
}
