TN:
SF:src\engine.ts
FN:37,checkGeneralDangerSigns
FN:61,classifyPneumonia
FN:136,classifyDiarrhoea
FN:213,classifyFever
FN:260,classifyEarProblem
FN:290,classify
FN:299,(anonymous_6)
FN:316,(anonymous_7)
FN:340,(anonymous_8)
FNF:9
FNH:9
FNDA:17,checkGeneralDangerSigns
FNDA:20,classifyPneumonia
FNDA:21,classifyDiarrhoea
FNDA:18,classifyFever
FNDA:14,classifyEarProblem
FNDA:14,classify
FNDA:3,(anonymous_6)
FNDA:56,(anonymous_7)
FNDA:32,(anonymous_8)
DA:27,1
DA:37,1
DA:38,17
DA:39,17
DA:41,17
DA:42,1
DA:43,17
DA:44,17
DA:45,17
DA:47,17
DA:61,1
DA:64,20
DA:65,20
DA:66,20
DA:69,20
DA:72,13
DA:73,13
DA:77,13
DA:81,2
DA:92,11
DA:93,2
DA:104,9
DA:105,5
DA:116,4
DA:136,1
DA:139,21
DA:142,21
DA:145,7
DA:153,7
DA:162,7
DA:184,7
DA:185,1
DA:186,1
DA:187,1
DA:191,7
DA:192,1
DA:193,1
DA:196,1
DA:199,7
DA:213,1
DA:216,18
DA:218,18
DA:221,18
DA:224,5
DA:225,1
DA:234,4
DA:235,1
DA:246,3
DA:260,1
DA:263,14
DA:266,14
DA:268,2
DA:269,1
DA:277,1
DA:290,1
DA:292,14
DA:298,14
DA:299,3
DA:300,3
DA:301,0
DA:302,0
DA:303,0
DA:305,3
DA:306,3
DA:311,14
DA:316,56
DA:319,14
DA:322,14
DA:328,14
DA:329,13
DA:330,6
DA:332,13
DA:338,14
DA:340,3
DA:341,32
DA:342,8
DA:343,4
DA:344,0
DA:347,3
DA:348,3
DA:349,3
DA:355,14
LF:82
LH:78
BRDA:41,0,0,1
BRDA:43,1,0,1
BRDA:44,2,0,3
BRDA:45,3,0,2
BRDA:69,4,0,7
BRDA:72,5,0,3
BRDA:72,5,1,10
BRDA:72,6,0,6
BRDA:72,6,1,4
BRDA:73,7,0,13
BRDA:73,7,1,1
BRDA:77,8,0,2
BRDA:78,9,0,13
BRDA:78,9,1,3
BRDA:78,9,2,2
BRDA:78,9,3,1
BRDA:92,10,0,2
BRDA:92,11,0,11
BRDA:92,11,1,9
BRDA:104,12,0,5
BRDA:142,13,0,14
BRDA:162,14,0,2
BRDA:162,14,1,5
BRDA:169,15,0,1
BRDA:169,15,1,4
BRDA:184,16,0,1
BRDA:187,17,0,1
BRDA:191,18,0,1
BRDA:191,19,0,7
BRDA:191,19,1,0
BRDA:196,20,0,1
BRDA:218,21,0,18
BRDA:218,21,1,15
BRDA:218,22,0,18
BRDA:218,22,1,14
BRDA:218,23,0,15
BRDA:218,23,1,1
BRDA:221,24,0,13
BRDA:224,25,0,1
BRDA:234,26,0,1
BRDA:234,27,0,4
BRDA:234,27,1,0
BRDA:266,28,0,12
BRDA:266,29,0,14
BRDA:266,29,1,13
BRDA:268,30,0,1
BRDA:298,31,0,3
BRDA:298,32,0,14
BRDA:298,32,1,3
BRDA:300,33,0,3
BRDA:301,34,0,0
BRDA:302,35,0,0
BRDA:302,36,0,0
BRDA:302,36,1,0
BRDA:305,37,0,3
BRDA:319,38,0,5
BRDA:319,38,1,9
BRDA:323,39,0,5
BRDA:323,39,1,9
BRDA:329,40,0,6
BRDA:338,41,0,3
BRDA:338,42,0,14
BRDA:338,42,1,3
BRDA:341,43,0,24
BRDA:342,44,0,4
BRDA:343,45,0,4
BRDA:343,46,0,4
BRDA:343,46,1,2
BRDA:347,47,0,3
BRF:69
BRH:63
end_of_record
TN:
SF:src\index.ts
FNF:0
FNH:0
DA:1,1
DA:2,1
DA:3,1
LF:3
LH:3
BRF:0
BRH:0
end_of_record
TN:
SF:src\referralNote.ts
FN:26,generateReferralNote
FN:38,(anonymous_1)
FNF:2
FNH:1
FNDA:3,generateReferralNote
FNDA:0,(anonymous_1)
DA:17,1
DA:26,1
DA:32,3
DA:37,3
DA:38,0
DA:40,3
DA:41,3
DA:46,3
DA:48,3
DA:49,2
DA:51,3
DA:52,1
DA:54,3
DA:55,0
DA:57,3
DA:58,0
DA:62,3
DA:63,0
DA:65,3
DA:66,1
DA:68,3
DA:69,0
DA:71,3
DA:72,0
DA:74,3
DA:75,0
DA:77,3
DA:78,0
DA:80,3
DA:81,0
DA:83,3
DA:84,0
DA:86,3
DA:87,0
DA:91,3
DA:96,3
DA:101,3
DA:103,3
LF:38
LH:27
BRDA:32,0,0,1
BRDA:32,0,1,2
BRDA:41,1,0,3
BRDA:41,1,1,0
BRDA:48,2,0,2
BRDA:51,3,0,1
BRDA:54,4,0,0
BRDA:57,5,0,0
BRDA:59,6,0,0
BRDA:59,6,1,0
BRDA:62,7,0,0
BRDA:65,8,0,1
BRDA:68,9,0,0
BRDA:71,10,0,0
BRDA:74,11,0,0
BRDA:77,12,0,0
BRDA:80,13,0,0
BRDA:83,14,0,0
BRDA:86,15,0,0
BRDA:91,16,0,3
BRDA:91,16,1,0
BRDA:96,17,0,3
BRDA:96,17,1,0
BRDA:101,18,0,1
BRDA:101,18,1,2
BRF:25
BRH:10
end_of_record
